[debug] > Exec(;reload; set _root_.org.jetbrains.sbt.StructureKeys.sbtStructureOptions in Global := "download resolveClassifiers resolveSbtClassifiers" ;*/*:dumpStructureTo C:/Users/vishn/AppData/Local/Temp/sbt-structure.xml; session clear-all ; set ideaPort in Global := 51622, None, None)
[debug] > Exec(reload, None, None)
[debug] > Exec(sbtStashOnFailure, None, None)
[debug] > Exec(onFailure loadFailed, None, None)
[debug] > Exec(loadp, None, None)
[info] welcome to sbt 1.4.2 (Oracle Corporation Java 15.0.1)
[debug]       Load.loadUnit: plugins took 19.0321ms
[debug]       Load.loadUnit: defsScala took 0.0042ms
[debug] [Loading] Scanning directory C:\Users\vishn\.sbt\1.0\plugins
[debug] [Loading] Found non-root projects 
[debug] [Loading] Done in C:\Users\vishn\.sbt\1.0\plugins, returning: ()
[debug] deducing auto plugins based on known facts Set(Atom(sbt.plugins.CorePlugin)) and clauses Clauses(List(Clause(Atom(sbt.plugins.JvmPlugin),Set(Atom(sbt.plugins.IvyPlugin))), Clause(Atom(sbt.ScriptedPlugin),Set(Atom(sbt.plugins.JvmPlugin))), Clause(Atom(sbt.plugins.SbtPlugin),Set(Atom(sbt.ScriptedPlugin))), Clause(Atom(sbt.plugins.SemanticdbPlugin),Set(Atom(sbt.plugins.JvmPlugin))), Clause(Atom(sbt.plugins.JUnitXmlReportPlugin),Set(Atom(sbt.plugins.JvmPlugin))), Clause(Atom(sbt.plugins.MiniDependencyTreePlugin),Set(Atom(sbt.plugins.JvmPlugin))), Clause(Atom(sbt.plugins.CorePlugin),Set(Atom(sbt.plugins.IvyPlugin))), Clause(Atom(sbt.plugins.IvyPlugin),Set(Atom(sbt.plugins.JvmPlugin))), Clause(Atom(sbt.plugins.JvmPlugin),Set(Atom(sbt.plugins.SemanticdbPlugin))), Clause(Atom(sbt.plugins.JvmPlugin),Set(Atom(sbt.plugins.JUnitXmlReportPlugin))), Clause(Atom(sbt.plugins.CorePlugin),Set(Atom(sbt.plugins.Giter8TemplatePlugin))), Clause(Atom(sbt.plugins.JvmPlugin),Set(Atom(sbt.plugins.MiniDependencyTreePlugin)))))
[debug]   :: deduced result: Matched(sbt.plugins.CorePlugin,sbt.plugins.Giter8TemplatePlugin,sbt.plugins.IvyPlugin,sbt.plugins.JvmPlugin,sbt.plugins.MiniDependencyTreePlugin,sbt.plugins.JUnitXmlReportPlugin,sbt.plugins.SemanticdbPlugin)
[debug] Plugins.deducer#function took 0.6513 ms
[debug]           Load.resolveProject(global-plugins) took 0.5787ms
[debug]         Load.loadTransitive: finalizeProject(Project(id global-plugins, base: C:\Users\vishn\.sbt\1.0\plugins, plugins: List(<none>))) took 1.4306ms
[debug] [Loading] Done in C:\Users\vishn\.sbt\1.0\plugins, returning: (global-plugins)
[debug]       Load.loadUnit: loadedProjectsRaw took 1.9212ms
[debug]       Load.loadUnit: cleanEvalClasses took 0.0048ms
[debug]     Load.loadUnit(file:/C:/Users/vishn/.sbt/1.0/plugins/, ...) took 21.8063ms
[debug]   Load.apply: load took 23.098ms
[debug]   Load.apply: resolveProjects took 0.0585ms
[debug]   Load.apply: finalTransforms took 3.8025ms
[debug]   Load.apply: config.delegates took 0.124ms
[debug]   Load.apply: Def.make(settings)... took 29.2515ms
[debug]   Load.apply: structureIndex took 8.0519ms
[debug]   Load.apply: mkStreams took 0.0036ms
[info] loading global plugins from C:\Users\vishn\.sbt\1.0\plugins
[debug] Running task... Cancel: Signal, check cycles: false, forcegc: true
[debug] Load.defaultLoad until apply took 232.9734ms
[debug]           Load.loadUnit: plugins took 15.9325ms
[debug]           Load.loadUnit: defsScala took 0.0023ms
[debug] [Loading] Scanning directory C:\Users\vishn\IdeaProjects\spark-file-splitter\project
[debug]             Load.loadUnit: mkEval took 0.32ms
[debug] [Loading] Found non-root projects 
[debug] [Loading] Done in C:\Users\vishn\IdeaProjects\spark-file-splitter\project, returning: ()
[debug] deducing auto plugins based on known facts Set(Atom(sbt.plugins.CorePlugin)) and clauses Clauses(List(Clause(Atom(sbt.plugins.JvmPlugin),Set(Atom(sbt.plugins.IvyPlugin))), Clause(Atom(sbt.ScriptedPlugin),Set(Atom(sbt.plugins.JvmPlugin))), Clause(Atom(sbt.plugins.SbtPlugin),Set(Atom(sbt.ScriptedPlugin))), Clause(Atom(sbt.plugins.SemanticdbPlugin),Set(Atom(sbt.plugins.JvmPlugin))), Clause(Atom(sbt.plugins.JUnitXmlReportPlugin),Set(Atom(sbt.plugins.JvmPlugin))), Clause(Atom(sbt.plugins.MiniDependencyTreePlugin),Set(Atom(sbt.plugins.JvmPlugin))), Clause(Atom(sbt.plugins.CorePlugin),Set(Atom(sbt.plugins.IvyPlugin))), Clause(Atom(sbt.plugins.IvyPlugin),Set(Atom(sbt.plugins.JvmPlugin))), Clause(Atom(sbt.plugins.JvmPlugin),Set(Atom(sbt.plugins.SemanticdbPlugin))), Clause(Atom(sbt.plugins.JvmPlugin),Set(Atom(sbt.plugins.JUnitXmlReportPlugin))), Clause(Atom(sbt.plugins.CorePlugin),Set(Atom(sbt.plugins.Giter8TemplatePlugin))), Clause(Atom(sbt.plugins.JvmPlugin),Set(Atom(sbt.plugins.MiniDependencyTreePlugin)))))
[debug]   :: deduced result: Matched(sbt.plugins.CorePlugin,sbt.plugins.Giter8TemplatePlugin,sbt.plugins.IvyPlugin,sbt.plugins.JvmPlugin,sbt.plugins.MiniDependencyTreePlugin,sbt.plugins.JUnitXmlReportPlugin,sbt.plugins.SemanticdbPlugin)
[debug] Plugins.deducer#function took 0.6549 ms
[info] loading settings for project spark-file-splitter-build from idea.sbt ...
[debug]               Load.resolveProject(spark-file-splitter-build) took 6.0354ms
[debug]             Load.loadTransitive: finalizeProject(Project(id spark-file-splitter-build, base: C:\Users\vishn\IdeaProjects\spark-file-splitter\project, plugins: List(<none>))) took 6.8844ms
[debug] [Loading] Done in C:\Users\vishn\IdeaProjects\spark-file-splitter\project, returning: (spark-file-splitter-build)
[debug]           Load.loadUnit: loadedProjectsRaw took 17.6217ms
[debug]           Load.loadUnit: cleanEvalClasses took 2.3216ms
[debug]         Load.loadUnit(file:/C:/Users/vishn/IdeaProjects/spark-file-splitter/project/, ...) took 36.2699ms
[debug]       Load.apply: load took 37.0097ms
[debug]       Load.apply: resolveProjects took 0.0697ms
[debug]       Load.apply: finalTransforms took 3.4454ms
[debug]       Load.apply: config.delegates took 0.1376ms
[debug]       Load.apply: Def.make(settings)... took 49.7703ms
[debug]       Load.apply: structureIndex took 8.0285ms
[debug]       Load.apply: mkStreams took 0.0023ms
[info] loading project definition from C:\Users\vishn\IdeaProjects\spark-file-splitter\project
[debug] Running task... Cancel: Signal, check cycles: false, forcegc: true
[debug]     Load.loadUnit: plugins took 261.6301ms
[debug]     Load.loadUnit: defsScala took 0.0022ms
[debug] [Loading] Scanning directory C:\Users\vishn\IdeaProjects\spark-file-splitter
[debug]       Load.loadUnit: mkEval took 0.2752ms
[debug] [Loading] Found non-root projects 
[debug] [Loading] Done in C:\Users\vishn\IdeaProjects\spark-file-splitter, returning: ()
[debug] deducing auto plugins based on known facts Set(Atom(sbt.plugins.CorePlugin)) and clauses Clauses(List(Clause(Atom(sbt.plugins.JvmPlugin),Set(Atom(sbt.plugins.IvyPlugin))), Clause(Atom(sbt.ScriptedPlugin),Set(Atom(sbt.plugins.JvmPlugin))), Clause(Atom(sbt.plugins.SbtPlugin),Set(Atom(sbt.ScriptedPlugin))), Clause(Atom(sbt.plugins.SemanticdbPlugin),Set(Atom(sbt.plugins.JvmPlugin))), Clause(Atom(sbt.plugins.JUnitXmlReportPlugin),Set(Atom(sbt.plugins.JvmPlugin))), Clause(Atom(sbt.plugins.MiniDependencyTreePlugin),Set(Atom(sbt.plugins.JvmPlugin))), Clause(Atom(org.jetbrains.sbt.StructurePlugin),Set(Atom(sbt.plugins.JvmPlugin))), Clause(Atom(org.jetbrains.sbt.IdeaShellPlugin),Set(Atom(sbt.plugins.JvmPlugin))), Clause(Atom(org.jetbrains.sbt.indices.SbtIntellijIndicesPlugin),Set(Atom(sbt.plugins.JvmPlugin))), Clause(Atom(sbt.plugins.CorePlugin),Set(Atom(sbt.plugins.IvyPlugin))), Clause(Atom(sbt.plugins.IvyPlugin),Set(Atom(sbt.plugins.JvmPlugin))), Clause(Atom(sbt.plugins.JvmPlugin),Set(Atom(sbt.plugins.SemanticdbPlugin))), Clause(Atom(sbt.plugins.JvmPlugin),Set(Atom(sbt.plugins.JUnitXmlReportPlugin))), Clause(Atom(sbt.plugins.CorePlugin),Set(Atom(sbt.plugins.Giter8TemplatePlugin))), Clause(Atom(sbt.plugins.JvmPlugin),Set(Atom(sbt.plugins.MiniDependencyTreePlugin))), Clause(Atom(sbt.plugins.JvmPlugin),Set(Atom(org.jetbrains.sbt.StructurePlugin))), Clause(Atom(sbt.plugins.JvmPlugin),Set(Atom(org.jetbrains.sbt.IdeaShellPlugin))), Clause(And(Set(Atom(sbt.plugins.CorePlugin), Atom(sbt.plugins.JvmPlugin))),Set(Atom(org.jetbrains.sbt.indices.SbtIntellijIndicesPlugin)))))
[debug]   :: deduced result: Matched(sbt.plugins.CorePlugin,sbt.plugins.Giter8TemplatePlugin,sbt.plugins.IvyPlugin,sbt.plugins.JvmPlugin,sbt.plugins.SemanticdbPlugin,org.jetbrains.sbt.indices.SbtIntellijIndicesPlugin,sbt.plugins.JUnitXmlReportPlugin,org.jetbrains.sbt.IdeaShellPlugin,org.jetbrains.sbt.StructurePlugin,sbt.plugins.MiniDependencyTreePlugin)
[debug] Plugins.deducer#function took 1.1321 ms
[info] loading settings for project spark-file-splitter from build.sbt ...
[debug]         Load.resolveProject(spark-file-splitter) took 39.3367ms
[debug]       Load.loadTransitive: finalizeProject(Project(id spark-file-splitter, base: C:\Users\vishn\IdeaProjects\spark-file-splitter, plugins: List(<none>))) took 40.8242ms
[debug] [Loading] Done in C:\Users\vishn\IdeaProjects\spark-file-splitter, returning: (spark-file-splitter)
[debug]     Load.loadUnit: loadedProjectsRaw took 361.6376ms
[debug]     Load.loadUnit: cleanEvalClasses took 14.7575ms
[debug]   Load.loadUnit(file:/C:/Users/vishn/IdeaProjects/spark-file-splitter/, ...) took 638.4152ms
[debug] Load.apply: load took 639.4061ms
[debug] Load.apply: resolveProjects took 0.0787ms
[debug] Load.apply: finalTransforms took 9.6659ms
[debug] Load.apply: config.delegates took 0.158ms
[debug] Load.apply: Def.make(settings)... took 58.3607ms
[debug] Load.apply: structureIndex took 8.4042ms
[debug] Load.apply: mkStreams took 0.0021ms
[warn] Discarding 1 session setting.  Use 'session save' to persist session settings.
[info] set current project to spark-file-splitter (in build file:/C:/Users/vishn/IdeaProjects/spark-file-splitter/)
[debug] > Exec(sbtPopOnFailure, None, None)
[debug] > Exec(resumeFromFailure, None, None)
[debug] > Exec(set _root_.org.jetbrains.sbt.StructureKeys.sbtStructureOptions in Global := "download resolveClassifiers resolveSbtClassifiers", None, None)
[info] Defining Global / sbtStructureOptions
[info] The new value will be used by Global / ssOptions
[debug] Defining 
[debug] 	Global / sbtStructureOptions
[debug] 
[debug] The new value will be used by 
[debug] 	Global / ssOptions
[info] Reapplying settings...
[info] set current project to spark-file-splitter (in build file:/C:/Users/vishn/IdeaProjects/spark-file-splitter/)
[debug] > Exec(*/*:dumpStructureTo C:/Users/vishn/AppData/Local/Temp/sbt-structure.xml, None, None)
[debug] Evaluating tasks: Global / dumpStructureTo
[debug] Running task... Cancel: Signal, check cycles: false, forcegc: true
[warn] There may be incompatibilities among your library dependencies; run 'evicted' to see detailed eviction warnings.
[warn] There may be incompatibilities among your library dependencies; run 'evicted' to see detailed eviction warnings.
[info] Writing structure to C:\Users\vishn\AppData\Local\Temp\sbt-structure.xml...
[info] Done.
[success] Total time: 87 s (01:27), completed 9 Nov 2020, 11:56:58
[debug] > Exec(session clear-all, None, None)
[info] Reapplying settings...
[info] set current project to spark-file-splitter (in build file:/C:/Users/vishn/IdeaProjects/spark-file-splitter/)
[debug] > Exec(set ideaPort in Global := 51622, None, None)
[info] Defining Global / ideaPort
[info] The new value will be used by Compile / compile, Test / compile
[debug] Defining 
[debug] 	Global / ideaPort
[debug] 
[debug] The new value will be used by 
[debug] 	Compile / compile
[debug] 	Test / compile
[info] Reapplying settings...
[info] set current project to spark-file-splitter (in build file:/C:/Users/vishn/IdeaProjects/spark-file-splitter/)
[debug] > Exec(idea-shell, None, None)
[debug] > Exec(, None, None)
[debug] > Exec(idea-shell, None, None)
