[debug] > Exec(;reload; set _root_.org.jetbrains.sbt.StructureKeys.sbtStructureOptions in Global := "download resolveClassifiers resolveSbtClassifiers" ;*/*:dumpStructureTo C:/Users/vishn/AppData/Local/Temp/sbt-structure.xml; session clear-all ; set ideaPort in Global := 52550, None, None)
[debug] > Exec(reload, None, None)
[debug] > Exec(sbtStashOnFailure, None, None)
[debug] > Exec(onFailure loadFailed, None, None)
[debug] > Exec(loadp, None, None)
[info] welcome to sbt 1.4.2 (Oracle Corporation Java 15.0.1)
[debug]       Load.loadUnit: plugins took 15.715ms
[debug]       Load.loadUnit: defsScala took 0.0059ms
[debug] [Loading] Scanning directory C:\Users\vishn\.sbt\1.0\plugins
[debug] [Loading] Found non-root projects 
[debug] [Loading] Done in C:\Users\vishn\.sbt\1.0\plugins, returning: ()
[debug] deducing auto plugins based on known facts Set(Atom(sbt.plugins.CorePlugin)) and clauses Clauses(List(Clause(Atom(sbt.plugins.JvmPlugin),Set(Atom(sbt.plugins.IvyPlugin))), Clause(Atom(sbt.ScriptedPlugin),Set(Atom(sbt.plugins.JvmPlugin))), Clause(Atom(sbt.plugins.SbtPlugin),Set(Atom(sbt.ScriptedPlugin))), Clause(Atom(sbt.plugins.SemanticdbPlugin),Set(Atom(sbt.plugins.JvmPlugin))), Clause(Atom(sbt.plugins.JUnitXmlReportPlugin),Set(Atom(sbt.plugins.JvmPlugin))), Clause(Atom(sbt.plugins.MiniDependencyTreePlugin),Set(Atom(sbt.plugins.JvmPlugin))), Clause(Atom(sbt.plugins.CorePlugin),Set(Atom(sbt.plugins.IvyPlugin))), Clause(Atom(sbt.plugins.IvyPlugin),Set(Atom(sbt.plugins.JvmPlugin))), Clause(Atom(sbt.plugins.JvmPlugin),Set(Atom(sbt.plugins.SemanticdbPlugin))), Clause(Atom(sbt.plugins.JvmPlugin),Set(Atom(sbt.plugins.JUnitXmlReportPlugin))), Clause(Atom(sbt.plugins.CorePlugin),Set(Atom(sbt.plugins.Giter8TemplatePlugin))), Clause(Atom(sbt.plugins.JvmPlugin),Set(Atom(sbt.plugins.MiniDependencyTreePlugin)))))
[debug]   :: deduced result: Matched(sbt.plugins.CorePlugin,sbt.plugins.Giter8TemplatePlugin,sbt.plugins.IvyPlugin,sbt.plugins.JvmPlugin,sbt.plugins.MiniDependencyTreePlugin,sbt.plugins.JUnitXmlReportPlugin,sbt.plugins.SemanticdbPlugin)
[debug] Plugins.deducer#function took 1.0145 ms
[debug]           Load.resolveProject(global-plugins) took 0.848ms
[debug]         Load.loadTransitive: finalizeProject(Project(id global-plugins, base: C:\Users\vishn\.sbt\1.0\plugins, plugins: List(<none>))) took 2.2482ms
[debug] [Loading] Done in C:\Users\vishn\.sbt\1.0\plugins, returning: (global-plugins)
[debug]       Load.loadUnit: loadedProjectsRaw took 3.2031ms
[debug]       Load.loadUnit: cleanEvalClasses took 0.007ms
[debug]     Load.loadUnit(file:/C:/Users/vishn/.sbt/1.0/plugins/, ...) took 19.7686ms
[debug]   Load.apply: load took 20.7005ms
[debug]   Load.apply: resolveProjects took 0.0871ms
[debug]   Load.apply: finalTransforms took 4.5066ms
[debug]   Load.apply: config.delegates took 0.2037ms
[debug]   Load.apply: Def.make(settings)... took 45.4434ms
[debug]   Load.apply: structureIndex took 21.122ms
[debug]   Load.apply: mkStreams took 0.002ms
[info] loading global plugins from C:\Users\vishn\.sbt\1.0\plugins
[debug] Running task... Cancel: Signal, check cycles: false, forcegc: true
[debug] Load.defaultLoad until apply took 366.1224ms
[debug]           Load.loadUnit: plugins took 15.8258ms
[debug]           Load.loadUnit: defsScala took 0.0034ms
[debug] [Loading] Scanning directory C:\Users\vishn\IdeaProjects\spark-file-splitter\project
[debug]             Load.loadUnit: mkEval took 0.2509ms
[debug] [Loading] Found non-root projects 
[debug] [Loading] Done in C:\Users\vishn\IdeaProjects\spark-file-splitter\project, returning: ()
[debug] deducing auto plugins based on known facts Set(Atom(sbt.plugins.CorePlugin)) and clauses Clauses(List(Clause(Atom(sbt.plugins.JvmPlugin),Set(Atom(sbt.plugins.IvyPlugin))), Clause(Atom(sbt.ScriptedPlugin),Set(Atom(sbt.plugins.JvmPlugin))), Clause(Atom(sbt.plugins.SbtPlugin),Set(Atom(sbt.ScriptedPlugin))), Clause(Atom(sbt.plugins.SemanticdbPlugin),Set(Atom(sbt.plugins.JvmPlugin))), Clause(Atom(sbt.plugins.JUnitXmlReportPlugin),Set(Atom(sbt.plugins.JvmPlugin))), Clause(Atom(sbt.plugins.MiniDependencyTreePlugin),Set(Atom(sbt.plugins.JvmPlugin))), Clause(Atom(sbt.plugins.CorePlugin),Set(Atom(sbt.plugins.IvyPlugin))), Clause(Atom(sbt.plugins.IvyPlugin),Set(Atom(sbt.plugins.JvmPlugin))), Clause(Atom(sbt.plugins.JvmPlugin),Set(Atom(sbt.plugins.SemanticdbPlugin))), Clause(Atom(sbt.plugins.JvmPlugin),Set(Atom(sbt.plugins.JUnitXmlReportPlugin))), Clause(Atom(sbt.plugins.CorePlugin),Set(Atom(sbt.plugins.Giter8TemplatePlugin))), Clause(Atom(sbt.plugins.JvmPlugin),Set(Atom(sbt.plugins.MiniDependencyTreePlugin)))))
[debug]   :: deduced result: Matched(sbt.plugins.CorePlugin,sbt.plugins.Giter8TemplatePlugin,sbt.plugins.IvyPlugin,sbt.plugins.JvmPlugin,sbt.plugins.MiniDependencyTreePlugin,sbt.plugins.JUnitXmlReportPlugin,sbt.plugins.SemanticdbPlugin)
[debug] Plugins.deducer#function took 1.007 ms
[info] loading settings for project spark-file-splitter-build from idea.sbt ...
[debug]               Load.resolveProject(spark-file-splitter-build) took 1.1373ms
[debug]             Load.loadTransitive: finalizeProject(Project(id spark-file-splitter-build, base: C:\Users\vishn\IdeaProjects\spark-file-splitter\project, plugins: List(<none>))) took 2.4255ms
[debug] [Loading] Done in C:\Users\vishn\IdeaProjects\spark-file-splitter\project, returning: (spark-file-splitter-build)
[debug]           Load.loadUnit: loadedProjectsRaw took 14.6964ms
[debug]           Load.loadUnit: cleanEvalClasses took 1.9926ms
[debug]         Load.loadUnit(file:/C:/Users/vishn/IdeaProjects/spark-file-splitter/project/, ...) took 33.0596ms
[debug]       Load.apply: load took 33.988ms
[debug]       Load.apply: resolveProjects took 0.0676ms
[debug]       Load.apply: finalTransforms took 4.0941ms
[debug]       Load.apply: config.delegates took 0.1982ms
[debug]       Load.apply: Def.make(settings)... took 50.5136ms
[debug]       Load.apply: structureIndex took 12.0389ms
[debug]       Load.apply: mkStreams took 0.0022ms
[info] loading project definition from C:\Users\vishn\IdeaProjects\spark-file-splitter\project
[debug] Running task... Cancel: Signal, check cycles: false, forcegc: true
[debug]     Load.loadUnit: plugins took 332.2241ms
[debug]     Load.loadUnit: defsScala took 0.0022ms
[debug] [Loading] Scanning directory C:\Users\vishn\IdeaProjects\spark-file-splitter
[debug]       Load.loadUnit: mkEval took 0.2853ms
[debug] [Loading] Found non-root projects 
[debug] [Loading] Done in C:\Users\vishn\IdeaProjects\spark-file-splitter, returning: ()
[debug] deducing auto plugins based on known facts Set(Atom(sbt.plugins.CorePlugin)) and clauses Clauses(List(Clause(Atom(sbt.plugins.JvmPlugin),Set(Atom(sbt.plugins.IvyPlugin))), Clause(Atom(sbt.ScriptedPlugin),Set(Atom(sbt.plugins.JvmPlugin))), Clause(Atom(sbt.plugins.SbtPlugin),Set(Atom(sbt.ScriptedPlugin))), Clause(Atom(sbt.plugins.SemanticdbPlugin),Set(Atom(sbt.plugins.JvmPlugin))), Clause(Atom(sbt.plugins.JUnitXmlReportPlugin),Set(Atom(sbt.plugins.JvmPlugin))), Clause(Atom(sbt.plugins.MiniDependencyTreePlugin),Set(Atom(sbt.plugins.JvmPlugin))), Clause(Atom(org.jetbrains.sbt.StructurePlugin),Set(Atom(sbt.plugins.JvmPlugin))), Clause(Atom(org.jetbrains.sbt.IdeaShellPlugin),Set(Atom(sbt.plugins.JvmPlugin))), Clause(Atom(org.jetbrains.sbt.indices.SbtIntellijIndicesPlugin),Set(Atom(sbt.plugins.JvmPlugin))), Clause(Atom(sbt.plugins.CorePlugin),Set(Atom(sbt.plugins.IvyPlugin))), Clause(Atom(sbt.plugins.IvyPlugin),Set(Atom(sbt.plugins.JvmPlugin))), Clause(Atom(sbt.plugins.JvmPlugin),Set(Atom(sbt.plugins.SemanticdbPlugin))), Clause(Atom(sbt.plugins.JvmPlugin),Set(Atom(sbt.plugins.JUnitXmlReportPlugin))), Clause(Atom(sbt.plugins.CorePlugin),Set(Atom(sbt.plugins.Giter8TemplatePlugin))), Clause(Atom(sbt.plugins.JvmPlugin),Set(Atom(sbt.plugins.MiniDependencyTreePlugin))), Clause(Atom(sbt.plugins.JvmPlugin),Set(Atom(org.jetbrains.sbt.StructurePlugin))), Clause(Atom(sbt.plugins.JvmPlugin),Set(Atom(org.jetbrains.sbt.IdeaShellPlugin))), Clause(And(Set(Atom(sbt.plugins.CorePlugin), Atom(sbt.plugins.JvmPlugin))),Set(Atom(org.jetbrains.sbt.indices.SbtIntellijIndicesPlugin)))))
[debug]   :: deduced result: Matched(sbt.plugins.CorePlugin,sbt.plugins.Giter8TemplatePlugin,sbt.plugins.IvyPlugin,sbt.plugins.JvmPlugin,sbt.plugins.SemanticdbPlugin,org.jetbrains.sbt.indices.SbtIntellijIndicesPlugin,sbt.plugins.JUnitXmlReportPlugin,org.jetbrains.sbt.IdeaShellPlugin,org.jetbrains.sbt.StructurePlugin,sbt.plugins.MiniDependencyTreePlugin)
[debug] Plugins.deducer#function took 1.3127 ms
[info] loading settings for project spark-file-splitter from build.sbt ...
[debug]         Load.resolveProject(spark-file-splitter) took 25.0136ms
[debug]       Load.loadTransitive: finalizeProject(Project(id spark-file-splitter, base: C:\Users\vishn\IdeaProjects\spark-file-splitter, plugins: List(<none>))) took 26.9873ms
[debug] [Loading] Done in C:\Users\vishn\IdeaProjects\spark-file-splitter, returning: (spark-file-splitter)
[debug]     Load.loadUnit: loadedProjectsRaw took 76.5579ms
[debug]     Load.loadUnit: cleanEvalClasses took 30.6861ms
[debug]   Load.loadUnit(file:/C:/Users/vishn/IdeaProjects/spark-file-splitter/, ...) took 440.2219ms
[debug] Load.apply: load took 442.045ms
[debug] Load.apply: resolveProjects took 0.1439ms
[debug] Load.apply: finalTransforms took 15.5966ms
[debug] Load.apply: config.delegates took 0.5614ms
[debug] Load.apply: Def.make(settings)... took 45.7008ms
[debug] Load.apply: structureIndex took 9.9143ms
[debug] Load.apply: mkStreams took 0.002ms
[warn] Discarding 1 session setting.  Use 'session save' to persist session settings.
[info] set current project to spark-file-splitter (in build file:/C:/Users/vishn/IdeaProjects/spark-file-splitter/)
[debug] > Exec(sbtPopOnFailure, None, None)
[debug] > Exec(resumeFromFailure, None, None)
[debug] > Exec(set _root_.org.jetbrains.sbt.StructureKeys.sbtStructureOptions in Global := "download resolveClassifiers resolveSbtClassifiers", None, None)
[info] Defining Global / sbtStructureOptions
[info] The new value will be used by Global / ssOptions
[debug] Defining 
[debug] 	Global / sbtStructureOptions
[debug] 
[debug] The new value will be used by 
[debug] 	Global / ssOptions
[info] Reapplying settings...
[info] set current project to spark-file-splitter (in build file:/C:/Users/vishn/IdeaProjects/spark-file-splitter/)
[debug] > Exec(*/*:dumpStructureTo C:/Users/vishn/AppData/Local/Temp/sbt-structure.xml, None, None)
[debug] Evaluating tasks: Global / dumpStructureTo
[debug] Running task... Cancel: Signal, check cycles: false, forcegc: true
[warn] There may be incompatibilities among your library dependencies; run 'evicted' to see detailed eviction warnings.
[warn] There may be incompatibilities among your library dependencies; run 'evicted' to see detailed eviction warnings.
[info] Writing structure to C:\Users\vishn\AppData\Local\Temp\sbt-structure.xml...
[info] Done.
[success] Total time: 13 s, completed 17 Nov 2020, 13:40:26
[debug] > Exec(session clear-all, None, None)
[info] Reapplying settings...
[info] set current project to spark-file-splitter (in build file:/C:/Users/vishn/IdeaProjects/spark-file-splitter/)
[debug] > Exec(set ideaPort in Global := 52550, None, None)
[info] Defining Global / ideaPort
[info] The new value will be used by Compile / compile, Test / compile
[debug] Defining 
[debug] 	Global / ideaPort
[debug] 
[debug] The new value will be used by 
[debug] 	Compile / compile
[debug] 	Test / compile
[info] Reapplying settings...
[info] set current project to spark-file-splitter (in build file:/C:/Users/vishn/IdeaProjects/spark-file-splitter/)
[debug] > Exec(idea-shell, None, None)
[debug] > Exec(, None, None)
[debug] > Exec(idea-shell, None, None)
